<?xml version="1.0" encoding="UTF-8"?>
<testsuite xmlns:xsi="http://www.w3.org/2001/XMLSchema-instance" xsi:noNamespaceSchemaLocation="https://maven.apache.org/surefire/maven-surefire-plugin/xsd/surefire-test-report-3.0.xsd" version="3.0" name="br.edu.iff.bji.ec.compiladores.krenaklogo.KrenakLogoParserTest" time="0.114" tests="3" errors="0" skipped="0" failures="0">
  <properties>
[...]
</properties>
  <testcase name="testPrintStatement" classname="br.edu.iff.bji.ec.compiladores.krenaklogo.KrenakLogoParserTest" time="0.1">
    <system-out><![CDATA[(prog (line (procedureDeclaration tupü (name teste) \n (line (print_ pip (quotedstring [ banana ]))) \n ak)) \n <EOF>)
[banana]
É um quotedstring: banana
]]></system-out>
  </testcase>
  <testcase name="test" classname="br.edu.iff.bji.ec.compiladores.krenaklogo.KrenakLogoParserTest" time="0.001"/>
  <testcase name="testPrintExpression" classname="br.edu.iff.bji.ec.compiladores.krenaklogo.KrenakLogoParserTest" time="0.009">
    <system-err><![CDATA[line 1:9 missing EOL at '<EOF>'
]]></system-err>
  </testcase>
</testsuite>