<?xml version="1.0" encoding="UTF-8"?>
<testsuite xmlns:xsi="http://www.w3.org/2001/XMLSchema-instance" xsi:noNamespaceSchemaLocation="https://maven.apache.org/surefire/maven-surefire-plugin/xsd/surefire-test-report-3.0.xsd" version="3.0" name="br.edu.iff.bji.ec.compiladores.krenaklogo.KrenakLogoParserTest" time="0.098" tests="3" errors="0" skipped="0" failures="0">
  <properties>
[...]
</properties>
  <testcase name="testPrintStatement" classname="br.edu.iff.bji.ec.compiladores.krenaklogo.KrenakLogoParserTest" time="0.088">
    <system-out><![CDATA[(prog (line (procedureDeclaration tupü (name teste) \n (line (cmd (make intschom "variavel" (value (expression (multiplyingExpression (signExpression (number 10))) + (multiplyingExpression (signExpression (number 20)))))))) \n (line (print_ pip (value (expression (multiplyingExpression (signExpression (deref : (name variavel)))))))) \n (line (print_ pip (quotedstring [ puts ]))) \n ak)) \n <EOF>)
Definindo variável: variavel com valor: 10+20
É um value: 10+20
É um quotedstring: puts
]]></system-out>
  </testcase>
  <testcase name="test" classname="br.edu.iff.bji.ec.compiladores.krenaklogo.KrenakLogoParserTest" time="0.001"/>
  <testcase name="testPrintExpression" classname="br.edu.iff.bji.ec.compiladores.krenaklogo.KrenakLogoParserTest" time="0.005">
    <system-err><![CDATA[line 1:9 missing EOL at '<EOF>'
]]></system-err>
  </testcase>
</testsuite>