<?xml version="1.0" encoding="UTF-8"?>
<testsuite xmlns:xsi="http://www.w3.org/2001/XMLSchema-instance" xsi:noNamespaceSchemaLocation="https://maven.apache.org/surefire/maven-surefire-plugin/xsd/surefire-test-report-3.0.xsd" version="3.0" name="br.edu.iff.bji.ec.compiladores.krenaklogo.KrenakLogoLexerTest" time="0.075" tests="22" errors="0" skipped="0" failures="0">
  <properties>
[...]
</properties>
  <testcase name="testRightToken" classname="br.edu.iff.bji.ec.compiladores.krenaklogo.KrenakLogoLexerTest" time="0.042"/>
  <testcase name="testStopToken" classname="br.edu.iff.bji.ec.compiladores.krenaklogo.KrenakLogoLexerTest" time="0.002"/>
  <testcase name="testLeftToken" classname="br.edu.iff.bji.ec.compiladores.krenaklogo.KrenakLogoLexerTest" time="0.001"/>
  <testcase name="testEndToken" classname="br.edu.iff.bji.ec.compiladores.krenaklogo.KrenakLogoLexerTest" time="0.001"/>
  <testcase name="testHomeToken" classname="br.edu.iff.bji.ec.compiladores.krenaklogo.KrenakLogoLexerTest" time="0.001"/>
  <testcase name="testProcedureToken" classname="br.edu.iff.bji.ec.compiladores.krenaklogo.KrenakLogoLexerTest" time="0.002"/>
  <testcase name="testSetxyToken" classname="br.edu.iff.bji.ec.compiladores.krenaklogo.KrenakLogoLexerTest" time="0.0"/>
  <testcase name="testClearscreenToken" classname="br.edu.iff.bji.ec.compiladores.krenaklogo.KrenakLogoLexerTest" time="0.001"/>
  <testcase name="testPrintToken" classname="br.edu.iff.bji.ec.compiladores.krenaklogo.KrenakLogoLexerTest" time="0.001"/>
  <testcase name="testNumberToken" classname="br.edu.iff.bji.ec.compiladores.krenaklogo.KrenakLogoLexerTest" time="0.001"/>
  <testcase name="testLtToken" classname="br.edu.iff.bji.ec.compiladores.krenaklogo.KrenakLogoLexerTest" time="0.0"/>
  <testcase name="testPendownTokens" classname="br.edu.iff.bji.ec.compiladores.krenaklogo.KrenakLogoLexerTest" time="0.001"/>
  <testcase name="testCsToken" classname="br.edu.iff.bji.ec.compiladores.krenaklogo.KrenakLogoLexerTest" time="0.001"/>
  <testcase name="testRepeatToken" classname="br.edu.iff.bji.ec.compiladores.krenaklogo.KrenakLogoLexerTest" time="0.001"/>
  <testcase name="testRtToken" classname="br.edu.iff.bji.ec.compiladores.krenaklogo.KrenakLogoLexerTest" time="0.0"/>
  <testcase name="testForToken" classname="br.edu.iff.bji.ec.compiladores.krenaklogo.KrenakLogoLexerTest" time="0.0"/>
  <testcase name="testPenupTokens" classname="br.edu.iff.bji.ec.compiladores.krenaklogo.KrenakLogoLexerTest" time="0.0"/>
  <testcase name="testIfToken" classname="br.edu.iff.bji.ec.compiladores.krenaklogo.KrenakLogoLexerTest" time="0.0"/>
  <testcase name="testStringLiteralToken" classname="br.edu.iff.bji.ec.compiladores.krenaklogo.KrenakLogoLexerTest" time="0.0"/>
  <testcase name="testHideturtleTokens" classname="br.edu.iff.bji.ec.compiladores.krenaklogo.KrenakLogoLexerTest" time="0.0"/>
  <testcase name="testIdentifierToken" classname="br.edu.iff.bji.ec.compiladores.krenaklogo.KrenakLogoLexerTest" time="0.001"/>
  <testcase name="testMakeToken" classname="br.edu.iff.bji.ec.compiladores.krenaklogo.KrenakLogoLexerTest" time="0.0"/>
</testsuite>